This is pdfTeX, Version 3.141592653-2.6-1.40.29 (MiKTeX 26.2) (preloaded format=pdflatex 2026.4.23)  24 APR 2026 17:02
entering extended mode
 restricted \write18 enabled.
 file:line:error style messages enabled.
 %&-line parsing enabled.
**"k:/OneDrive - Politechnika Krakowska im. Tadeusza KoĹ›ciuszki/SEM I/ZTBD/Projekt/SPRAWOZDANIE/sprawozdanie_vod_platform/main.tex"
(k:/OneDrive - Politechnika Krakowska im. Tadeusza KoĹ›ciuszki/SEM I/ZTBD/Projekt/SPRAWOZDANIE/sprawozdanie_vod_platform/main.tex
LaTeX2e <2025-11-01>
L3 programming layer <2026-03-20>
(template.cls

LaTeX Warning: You have requested document class `template',
               but the document class provides `pktemplate'.

Document Class: pktemplate 2026/03/11 Klasa do sprawozdan laboratoryjnych
(K:\Programy\MiKTeX\tex/latex/base\article.cls
Document Class: article 2025/01/22 v1.4n Standard LaTeX document class
(K:\Programy\MiKTeX\tex/latex/base\size12.clo
File: size12.clo 2025/01/22 v1.4n Standard LaTeX file (size option)
)
\c@part=\count275
\c@section=\count276
\c@subsection=\count277
\c@subsubsection=\count278
\c@paragraph=\count279
\c@subparagraph=\count280
\c@figure=\count281
\c@table=\count282
\abovecaptionskip=\skip49
\belowcaptionskip=\skip50
\bibindent=\dimen150
) (K:\Programy\MiKTeX\tex/latex/base\inputenc.sty
Package: inputenc 2024/02/08 v1.3d Input encoding file
\inpenc@prehook=\toks17
\inpenc@posthook=\toks18
) (K:\Programy\MiKTeX\tex/latex/polski\polski.sty
Package: polski 2021/08/25 v1.3.6 Polish language package

   Inputenc package detected. Catcodes not changed.
   Switching to Polish text encoding and Polish maths fonts.
(K:\Programy\MiKTeX\tex/latex/base\ot4enc.def
File: ot4enc.def 2025/07/18 v2.1d Standard LaTeX file
Now handling font encoding OT4 ...
... no UTF-8 mapping file for font encoding OT4
)
LaTeX Font Info:    Trying to load font information for OT4+cmr on input line 362.
 (K:\Programy\MiKTeX\tex/latex/polski\ot4cmr.fd
File: ot4cmr.fd 2008/02/24 v1.2.1 Font defs for fonts PL (MW)
)
LaTeX Font Info:    Overwriting math alphabet `\mathbf' in version `normal'
(Font)                  OT1/cmr/bx/n --> OT4/cmr/bx/n on input line 362.
LaTeX Font Info:    Overwriting math alphabet `\mathsf' in version `normal'
(Font)                  OT1/cmss/m/n --> OT4/cmss/m/n on input line 362.
LaTeX Font Info:    Overwriting math alphabet `\mathit' in version `normal'
(Font)                  OT1/cmr/m/it --> OT4/cmr/m/it on input line 362.
LaTeX Font Info:    Overwriting math alphabet `\mathtt' in version `normal'
(Font)                  OT1/cmtt/m/n --> OT4/cmtt/m/n on input line 362.
LaTeX Font Info:    Overwriting math alphabet `\mathsf' in version `bold'
(Font)                  OT1/cmss/bx/n --> OT4/cmss/bx/n on input line 362.
LaTeX Font Info:    Overwriting math alphabet `\mathit' in version `bold'
(Font)                  OT1/cmr/bx/it --> OT4/cmr/bx/it on input line 362.
LaTeX Font Info:    Encoding `OT1' has changed to `OT4' for symbol font
(Font)              `operators' in the math version `normal' on input line 362.
LaTeX Font Info:    Overwriting symbol font `operators' in version `normal'
(Font)                  OT1/cmr/m/n --> OT4/cmr/m/n on input line 362.
LaTeX Font Info:    Overwriting symbol font `letters' in version `normal'
(Font)                  OML/cmm/m/it --> OML/plm/m/it on input line 362.
LaTeX Font Info:    Overwriting symbol font `symbols' in version `normal'
(Font)                  OMS/cmsy/m/n --> OMS/plsy/m/n on input line 362.
LaTeX Font Info:    Overwriting symbol font `largesymbols' in version `normal'
(Font)                  OMX/cmex/m/n --> OMX/plex/m/n on input line 362.
LaTeX Font Info:    Encoding `OT1' has changed to `OT4' for symbol font
(Font)              `operators' in the math version `bold' on input line 362.
LaTeX Font Info:    Overwriting symbol font `operators' in version `bold'
(Font)                  OT1/cmr/bx/n --> OT4/cmr/bx/n on input line 362.
LaTeX Font Info:    Overwriting symbol font `letters' in version `bold'
(Font)                  OML/cmm/b/it --> OML/plm/b/it on input line 362.
LaTeX Font Info:    Overwriting symbol font `symbols' in version `bold'
(Font)                  OMS/cmsy/b/n --> OMS/plsy/b/n on input line 362.
) (K:\Programy\MiKTeX\tex/latex/base\fontenc.sty
Package: fontenc 2025/07/18 v2.1d Standard LaTeX package
) (K:\Programy\MiKTeX\tex/latex/graphics\graphicx.sty
Package: graphicx 2024/12/31 v1.2e Enhanced LaTeX Graphics (DPC,SPQR)
 (K:\Programy\MiKTeX\tex/latex/graphics\keyval.sty
Package: keyval 2022/05/29 v1.15 key=value parser (DPC)
\KV@toks@=\toks19
) (K:\Programy\MiKTeX\tex/latex/graphics\graphics.sty
Package: graphics 2024/08/06 v1.4g Standard LaTeX Graphics (DPC,SPQR)
 (K:\Programy\MiKTeX\tex/latex/graphics\trig.sty
Package: trig 2023/12/02 v1.11 sin cos tan (DPC)
) (K:\Programy\MiKTeX\tex/latex/graphics-cfg\graphics.cfg
File: graphics.cfg 2016/06/04 v1.11 sample graphics configuration
)
Package graphics Info: Driver file: pdftex.def on input line 106.
 (K:\Programy\MiKTeX\tex/latex/graphics-def\pdftex.def
File: pdftex.def 2025/09/29 v1.2d Graphics/color driver for pdftex
))
\Gin@req@height=\dimen151
\Gin@req@width=\dimen152
) (K:\Programy\MiKTeX\tex/latex/geometry\geometry.sty
Package: geometry 2026/03/07 v6.0 Page Geometry
 (K:\Programy\MiKTeX\tex/generic/iftex\ifvtex.sty
Package: ifvtex 2019/10/25 v1.7 ifvtex legacy package. Use iftex instead.
 (K:\Programy\MiKTeX\tex/generic/iftex\iftex.sty
Package: iftex 2024/12/12 v1.0g TeX engine tests
))
\Gm@cnth=\count283
\Gm@cntv=\count284
\c@Gm@tempcnt=\count285
\Gm@bindingoffset=\dimen153
\Gm@wd@mp=\dimen154
\Gm@odd@mp=\dimen155
\Gm@even@mp=\dimen156
\Gm@layoutwidth=\dimen157
\Gm@layoutheight=\dimen158
\Gm@layouthoffset=\dimen159
\Gm@layoutvoffset=\dimen160
\Gm@dimlist=\toks20
 (K:\Programy\MiKTeX\tex/latex/geometry\geometry.cfg)) (K:\Programy\MiKTeX\tex/latex/hyperref\hyperref.sty
Package: hyperref 2026-01-29 v7.01p Hypertext links for LaTeX
 (K:\Programy\MiKTeX\tex/latex/kvsetkeys\kvsetkeys.sty
Package: kvsetkeys 2022-10-05 v1.19 Key value parser (HO)
) (K:\Programy\MiKTeX\tex/generic/kvdefinekeys\kvdefinekeys.sty
Package: kvdefinekeys 2019-12-19 v1.6 Define keys (HO)
) (K:\Programy\MiKTeX\tex/generic/pdfescape\pdfescape.sty
Package: pdfescape 2019/12/09 v1.15 Implements pdfTeX's escape features (HO)
 (K:\Programy\MiKTeX\tex/generic/ltxcmds\ltxcmds.sty
Package: ltxcmds 2023-12-04 v1.26 LaTeX kernel commands for general use (HO)
) (K:\Programy\MiKTeX\tex/generic/pdftexcmds\pdftexcmds.sty
Package: pdftexcmds 2020-06-27 v0.33 Utility functions of pdfTeX for LuaTeX (HO)
 (K:\Programy\MiKTeX\tex/generic/infwarerr\infwarerr.sty
Package: infwarerr 2019/12/03 v1.5 Providing info/warning/error messages (HO)
)
Package pdftexcmds Info: \pdf@primitive is available.
Package pdftexcmds Info: \pdf@ifprimitive is available.
Package pdftexcmds Info: \pdfdraftmode found.
)) (K:\Programy\MiKTeX\tex/latex/hycolor\hycolor.sty
Package: hycolor 2020-01-27 v1.10 Color options for hyperref/bookmark (HO)
) (K:\Programy\MiKTeX\tex/latex/hyperref\nameref.sty
Package: nameref 2026-01-29 v2.58 Cross-referencing by name of section
 (K:\Programy\MiKTeX\tex/latex/refcount\refcount.sty
Package: refcount 2019/12/15 v3.6 Data extraction from label references (HO)
) (K:\Programy\MiKTeX\tex/generic/gettitlestring\gettitlestring.sty
Package: gettitlestring 2019/12/15 v1.6 Cleanup title references (HO)
 (K:\Programy\MiKTeX\tex/latex/kvoptions\kvoptions.sty
Package: kvoptions 2022-06-15 v3.15 Key value format for package options (HO)
))
\c@section@level=\count286
) (K:\Programy\MiKTeX\tex/latex/etoolbox\etoolbox.sty
Package: etoolbox 2025/10/02 v2.5m e-TeX tools for LaTeX (JAW)
\etb@tempcnta=\count287
) (K:\Programy\MiKTeX\tex/generic/stringenc\stringenc.sty
Package: stringenc 2019/11/29 v1.12 Convert strings between diff. encodings (HO)
)
\@linkdim=\dimen161
\Hy@linkcounter=\count288
\Hy@pagecounter=\count289
 (K:\Programy\MiKTeX\tex/latex/hyperref\pd1enc.def
File: pd1enc.def 2026-01-29 v7.01p Hyperref: PDFDocEncoding definition (HO)
Now handling font encoding PD1 ...
... no UTF-8 mapping file for font encoding PD1
) (K:\Programy\MiKTeX\tex/generic/intcalc\intcalc.sty
Package: intcalc 2019/12/15 v1.3 Expandable calculations with integers (HO)
)
\Hy@SavedSpaceFactor=\count290
 (K:\Programy\MiKTeX\tex/latex/hyperref\puenc.def
File: puenc.def 2026-01-29 v7.01p Hyperref: PDF Unicode definition (HO)
Now handling font encoding PU ...
... no UTF-8 mapping file for font encoding PU
)
Package hyperref Info: Hyper figures OFF on input line 4201.
Package hyperref Info: Link nesting OFF on input line 4206.
Package hyperref Info: Hyper index ON on input line 4209.
Package hyperref Info: Plain pages OFF on input line 4216.
Package hyperref Info: Backreferencing OFF on input line 4221.
Package hyperref Info: Implicit mode ON; LaTeX internals redefined.
Package hyperref Info: Bookmarks ON on input line 4468.
\c@Hy@tempcnt=\count291
 (K:\Programy\MiKTeX\tex/latex/url\url.sty
\Urlmuskip=\muskip17
Package: url 2013/09/16  ver 3.4  Verb mode for urls, etc.
)
LaTeX Info: Redefining \url on input line 4807.
\XeTeXLinkMargin=\dimen162
 (K:\Programy\MiKTeX\tex/generic/bitset\bitset.sty
Package: bitset 2019/12/09 v1.3 Handle bit-vector datatype (HO)
 (K:\Programy\MiKTeX\tex/generic/bigintcalc\bigintcalc.sty
Package: bigintcalc 2019/12/15 v1.5 Expandable calculations on big integers (HO)
))
\Fld@menulength=\count292
\Field@Width=\dimen163
\Fld@charsize=\dimen164
Package hyperref Info: Hyper figures OFF on input line 6084.
Package hyperref Info: Link nesting OFF on input line 6089.
Package hyperref Info: Hyper index ON on input line 6092.
Package hyperref Info: backreferencing OFF on input line 6099.
Package hyperref Info: Link coloring OFF on input line 6104.
Package hyperref Info: Link coloring with OCG OFF on input line 6109.
Package hyperref Info: PDF/A mode OFF on input line 6114.
\Hy@abspage=\count293
\c@Item=\count294
\c@Hfootnote=\count295
)
Package hyperref Info: Driver (autodetected): hpdftex.
 (K:\Programy\MiKTeX\tex/latex/hyperref\hpdftex.def
File: hpdftex.def 2026-01-29 v7.01p Hyperref driver for pdfTeX
\Fld@listcount=\count296
\c@bookmark@seq@number=\count297
 (K:\Programy\MiKTeX\tex/latex/rerunfilecheck\rerunfilecheck.sty
Package: rerunfilecheck 2025-06-21 v1.11 Rerun checks for auxiliary files (HO)
 (K:\Programy\MiKTeX\tex/generic/uniquecounter\uniquecounter.sty
Package: uniquecounter 2019/12/15 v1.4 Provide unlimited unique counter (HO)
)
Package uniquecounter Info: New unique counter `rerunfilecheck' on input line 284.
)
\Hy@SectionHShift=\skip51
) (K:\Programy\MiKTeX\tex/latex/titlesec\titlesec.sty
Package: titlesec 2025/01/04 v2.17 Sectioning titles
\ttl@box=\box53
\beforetitleunit=\skip52
\aftertitleunit=\skip53
\ttl@plus=\dimen165
\ttl@minus=\dimen166
\ttl@toksa=\toks21
\titlewidth=\dimen167
\titlewidthlast=\dimen168
\titlewidthfirst=\dimen169
) (K:\Programy\MiKTeX\tex/latex/amsmath\amsmath.sty
Package: amsmath 2025/07/09 v2.17z AMS math features
\@mathmargin=\skip54

For additional information on amsmath, use the `?' option.
(K:\Programy\MiKTeX\tex/latex/amsmath\amstext.sty
Package: amstext 2024/11/17 v2.01 AMS text
 (K:\Programy\MiKTeX\tex/latex/amsmath\amsgen.sty
File: amsgen.sty 1999/11/30 v2.0 generic functions
\@emptytoks=\toks22
\ex@=\dimen170
)) (K:\Programy\MiKTeX\tex/latex/amsmath\amsbsy.sty
Package: amsbsy 1999/11/29 v1.2d Bold Symbols
\pmbraise@=\dimen171
) (K:\Programy\MiKTeX\tex/latex/amsmath\amsopn.sty
Package: amsopn 2022/04/08 v2.04 operator names
)
\inf@bad=\count298
LaTeX Info: Redefining \frac on input line 233.
\uproot@=\count299
\leftroot@=\count300
LaTeX Info: Redefining \overline on input line 398.
LaTeX Info: Redefining \colon on input line 409.
\classnum@=\count301
\DOTSCASE@=\count302
LaTeX Info: Redefining \ldots on input line 495.
LaTeX Info: Redefining \dots on input line 498.
LaTeX Info: Redefining \cdots on input line 619.
\Mathstrutbox@=\box54
\strutbox@=\box55
LaTeX Info: Redefining \big on input line 721.
LaTeX Info: Redefining \Big on input line 722.
LaTeX Info: Redefining \bigg on input line 723.
LaTeX Info: Redefining \Bigg on input line 724.
\big@size=\dimen172
LaTeX Font Info:    Redeclaring font encoding OML on input line 742.
LaTeX Font Info:    Redeclaring font encoding OMS on input line 743.
\macc@depth=\count303
LaTeX Info: Redefining \bmod on input line 904.
LaTeX Info: Redefining \pmod on input line 909.
LaTeX Info: Redefining \smash on input line 939.
LaTeX Info: Redefining \relbar on input line 969.
LaTeX Info: Redefining \Relbar on input line 970.
\c@MaxMatrixCols=\count304
\dotsspace@=\muskip18
\c@parentequation=\count305
\dspbrk@lvl=\count306
\tag@help=\toks23
\row@=\count307
\column@=\count308
\maxfields@=\count309
\andhelp@=\toks24
\eqnshift@=\dimen173
\alignsep@=\dimen174
\tagshift@=\dimen175
\tagwidth@=\dimen176
\totwidth@=\dimen177
\lineht@=\dimen178
\@envbody=\toks25
\multlinegap=\skip55
\multlinetaggap=\skip56
\mathdisplay@stack=\toks26
LaTeX Info: Redefining \[ on input line 2950.
LaTeX Info: Redefining \] on input line 2951.
) (K:\Programy\MiKTeX\tex/latex/tools\tabularx.sty
Package: tabularx 2023/12/11 v2.12a `tabularx' package (DPC)
 (K:\Programy\MiKTeX\tex/latex/tools\array.sty
Package: array 2025/09/25 v2.6n Tabular extension package (FMi)
\col@sep=\dimen179
\ar@mcellbox=\box56
\extrarowheight=\dimen180
\NC@list=\toks27
\extratabsurround=\skip57
\backup@length=\skip58
\ar@cellbox=\box57
)
\TX@col@width=\dimen181
\TX@old@table=\dimen182
\TX@old@col=\dimen183
\TX@target=\dimen184
\TX@delta=\dimen185
\TX@cols=\count310
\TX@ftn=\toks28
) (K:\Programy\MiKTeX\tex/latex/booktabs\booktabs.sty
Package: booktabs 2020/01/12 v1.61803398 Publication quality tables
\heavyrulewidth=\dimen186
\lightrulewidth=\dimen187
\cmidrulewidth=\dimen188
\belowrulesep=\dimen189
\belowbottomsep=\dimen190
\aboverulesep=\dimen191
\abovetopsep=\dimen192
\cmidrulesep=\dimen193
\cmidrulekern=\dimen194
\defaultaddspace=\dimen195
\@cmidla=\count311
\@cmidlb=\count312
\@aboverulesep=\dimen196
\@belowrulesep=\dimen197
\@thisruleclass=\count313
\@lastruleclass=\count314
\@thisrulewidth=\dimen198
) (K:\Programy\MiKTeX\tex/latex/float\float.sty
Package: float 2001/11/08 v1.3d Float enhancements (AL)
\c@float@type=\count315
\float@exts=\toks29
\float@box=\box58
\@float@everytoks=\toks30
\@floatcapt=\box59
) (K:\Programy\MiKTeX\tex/latex/caption\caption.sty
Package: caption 2023/08/05 v3.6o Customizing captions (AR)
 (K:\Programy\MiKTeX\tex/latex/caption\caption3.sty
Package: caption3 2023/07/31 v2.4d caption3 kernel (AR)
\caption@tempdima=\dimen199
\captionmargin=\dimen256
\caption@leftmargin=\dimen257
\caption@rightmargin=\dimen258
\caption@width=\dimen259
\caption@indent=\dimen260
\caption@parindent=\dimen261
\caption@hangindent=\dimen262
Package caption Info: Standard document class detected.
)
\c@caption@flags=\count316
\c@continuedfloat=\count317
Package caption Info: float package is loaded.
Package caption Info: hyperref package is loaded.
) (K:\Programy\MiKTeX\tex/latex/listings\listings.sty
\lst@mode=\count318
\lst@gtempboxa=\box60
\lst@token=\toks31
\lst@length=\count319
\lst@currlwidth=\dimen263
\lst@column=\count320
\lst@pos=\count321
\lst@lostspace=\dimen264
\lst@width=\dimen265
\lst@newlines=\count322
\lst@lineno=\count323
\lst@maxwidth=\dimen266
 (K:\Programy\MiKTeX\tex/latex/listings\lstpatch.sty
File: lstpatch.sty 2025/11/14 1.11b (Carsten Heinz)
) (K:\Programy\MiKTeX\tex/latex/listings\lstmisc.sty
File: lstmisc.sty 2025/11/14 1.11b (Carsten Heinz)
\c@lstnumber=\count324
\lst@skipnumbers=\count325
\lst@framebox=\box61
) (K:\Programy\MiKTeX\tex/latex/listings\listings.cfg
File: listings.cfg 2025/11/14 1.11b listings configuration
))
Package: listings 2025/11/14 1.11b (Carsten Heinz)

==> First Aid for listings.sty no longer applied!
    Expected:
        2024/09/23 1.10c (Carsten Heinz)
    but found:
        2025/11/14 1.11b (Carsten Heinz)
    so I'm assuming it got fixed.
(K:\Programy\MiKTeX\tex/latex/xcolor\xcolor.sty
Package: xcolor 2024/09/29 v3.02 LaTeX color extensions (UK)
 (K:\Programy\MiKTeX\tex/latex/graphics-cfg\color.cfg
File: color.cfg 2016/01/02 v1.6 sample color configuration
)
Package xcolor Info: Driver file: pdftex.def on input line 274.
 (K:\Programy\MiKTeX\tex/latex/graphics\mathcolor.ltx)
Package xcolor Info: Model `cmy' substituted by `cmy0' on input line 1349.
Package xcolor Info: Model `hsb' substituted by `rgb' on input line 1353.
Package xcolor Info: Model `RGB' extended on input line 1365.
Package xcolor Info: Model `HTML' substituted by `rgb' on input line 1367.
Package xcolor Info: Model `Hsb' substituted by `hsb' on input line 1368.
Package xcolor Info: Model `tHsb' substituted by `hsb' on input line 1369.
Package xcolor Info: Model `HSB' substituted by `hsb' on input line 1370.
Package xcolor Info: Model `Gray' substituted by `gray' on input line 1371.
Package xcolor Info: Model `wave' substituted by `hsb' on input line 1372.
) (K:\Programy\MiKTeX\tex/latex/graphics\dvipsnam.def
File: dvipsnam.def 2016/06/17 v3.0m Driver-dependent file (DPC,SPQR)
) (K:\Programy\MiKTeX\tex/latex/algorithm2e\algorithm2e.sty
Package: algorithm2e 2017/07/18 v5.2 algorithms environments
\c@AlgoLine=\count326
 (K:\Programy\MiKTeX\tex/latex/base\ifthen.sty
Package: ifthen 2024/03/16 v1.1e Standard LaTeX ifthen package (DPC)
)
\algocf@hangindent=\skip59
 (K:\Programy\MiKTeX\tex/latex/ifoddpage\ifoddpage.sty
Package: ifoddpage 2022/10/18 v1.2 Conditionals for odd/even page detection
\c@checkoddpage=\count327
) (K:\Programy\MiKTeX\tex/latex/tools\xspace.sty
Package: xspace 2014/10/28 v1.13 Space after command names (DPC,MH)
) (K:\Programy\MiKTeX\tex/latex/relsize\relsize.sty
Package: relsize 2013/03/29 ver 4.1
)
\skiptotal=\skip60
\skiplinenumber=\skip61
\skiprule=\skip62
\skiphlne=\skip63
\skiptext=\skip64
\skiplength=\skip65
\algomargin=\skip66
\skipalgocfslide=\skip67
\algowidth=\dimen267
\inoutsize=\dimen268
\inoutindent=\dimen269
\interspacetitleruled=\dimen270
\interspacealgoruled=\dimen271
\interspacetitleboxruled=\dimen272
\algocf@ruledwidth=\skip68
\algocf@inoutbox=\box62
\algocf@inputbox=\box63
\AlCapSkip=\skip69
\AlCapHSkip=\skip70
\algoskipindent=\skip71
\algocf@nlbox=\box64
\algocf@hangingbox=\box65
\algocf@untilbox=\box66
\algocf@skipuntil=\skip72
\algocf@capbox=\box67
\algocf@lcaptionbox=\skip73
\algoheightruledefault=\skip74
\algoheightrule=\skip75
\algotitleheightruledefault=\skip76
\algotitleheightrule=\skip77
\c@algocfline=\count328
\c@algocfproc=\count329
\c@algocf=\count330
\algocf@algoframe=\box68
\algocf@algobox=\box69
)) (K:\Programy\MiKTeX\tex/latex/l3backend\l3backend-pdftex.def
File: l3backend-pdftex.def 2026-02-18 L3 backend support: PDF output (pdfTeX)
\l__color_backend_stack_int=\count331
) (main.aux)
\openout1 = `main.aux'.

LaTeX Font Info:    Checking defaults for OML/cmm/m/it on input line 15.
LaTeX Font Info:    ... okay on input line 15.
LaTeX Font Info:    Checking defaults for OMS/cmsy/m/n on input line 15.
LaTeX Font Info:    ... okay on input line 15.
LaTeX Font Info:    Checking defaults for OT1/cmr/m/n on input line 15.
LaTeX Font Info:    ... okay on input line 15.
LaTeX Font Info:    Checking defaults for T1/cmr/m/n on input line 15.
LaTeX Font Info:    ... okay on input line 15.
LaTeX Font Info:    Checking defaults for TS1/cmr/m/n on input line 15.
LaTeX Font Info:    ... okay on input line 15.
LaTeX Font Info:    Checking defaults for OMX/cmex/m/n on input line 15.
LaTeX Font Info:    ... okay on input line 15.
LaTeX Font Info:    Checking defaults for U/cmr/m/n on input line 15.
LaTeX Font Info:    ... okay on input line 15.
LaTeX Font Info:    Checking defaults for OT4/cmr/m/n on input line 15.
LaTeX Font Info:    ... okay on input line 15.
LaTeX Font Info:    Checking defaults for PD1/pdf/m/n on input line 15.
LaTeX Font Info:    ... okay on input line 15.
LaTeX Font Info:    Checking defaults for PU/pdf/m/n on input line 15.
LaTeX Font Info:    ... okay on input line 15.
 (K:\Programy\MiKTeX\tex/context/base/mkii\supp-pdf.mkii
[Loading MPS to PDF converter (version 2006.09.02).]
\scratchcounter=\count332
\scratchdimen=\dimen273
\scratchbox=\box70
\nofMPsegments=\count333
\nofMParguments=\count334
\everyMPshowfont=\toks32
\MPscratchCnt=\count335
\MPscratchDim=\dimen274
\MPnumerator=\count336
\makeMPintoPDFobject=\count337
\everyMPtoPDFconversion=\toks33
) (K:\Programy\MiKTeX\tex/latex/epstopdf-pkg\epstopdf-base.sty
Package: epstopdf-base 2020-01-24 v2.11 Base part for package epstopdf
Package epstopdf-base Info: Redefining graphics rule for `.eps' on input line 485.
 (K:\Programy\MiKTeX\tex/latex/00miktex\epstopdf-sys.cfg
File: epstopdf-sys.cfg 2021/03/18 v2.0 Configuration of epstopdf for MiKTeX
))
*geometry* driver: auto-detecting
*geometry* detected driver: pdftex
*geometry* verbose mode - [ preamble ] result:
* driver: pdftex
* paper: <default>
* layout: <same size as paper>
* layoutoffset:(h,v)=(0.0pt,0.0pt)
* modes: 
* h-part:(L,W,R)=(72.26999pt, 452.9679pt, 72.26999pt)
* v-part:(T,H,B)=(72.26999pt, 700.50687pt, 72.26999pt)
* \paperwidth=597.50787pt
* \paperheight=845.04684pt
* \textwidth=452.9679pt
* \textheight=700.50687pt
* \oddsidemargin=0.0pt
* \evensidemargin=0.0pt
* \topmargin=-37.0pt
* \headheight=12.0pt
* \headsep=25.0pt
* \topskip=12.0pt
* \footskip=30.0pt
* \marginparwidth=35.0pt
* \marginparsep=10.0pt
* \columnsep=10.0pt
* \skip\footins=10.8pt plus 4.0pt minus 2.0pt
* \hoffset=0.0pt
* \voffset=0.0pt
* \mag=1000
* \@twocolumnfalse
* \@twosidefalse
* \@mparswitchfalse
* \@reversemarginfalse
* (1in=72.27pt=25.4mm, 1cm=28.453pt)

Package hyperref Info: Link coloring OFF on input line 15.
(main.out) (main.out)
\@outlinefile=\write3
\openout3 = `main.out'.

Package caption Info: Begin \AtBeginDocument code.
Package caption Info: listings package is loaded.
Package caption Info: End \AtBeginDocument code.
\c@lstlisting=\count338
<logopk.png, id=311, 794.97pt x 192.72pt>
File: logopk.png Graphic file (type png)
<use logopk.png>
Package pdftex.def Info: logopk.png  used on input line 17.
(pdftex.def)             Requested size: 452.9679pt x 109.8133pt.
 [1

{C:/Users/Jakub/AppData/Local/MiKTeX/fonts/map/pdftex/pdftex.map} <./logopk.png (PNG copy)>] (main.toc
LaTeX Font Info:    Trying to load font information for OML+plm on input line 2.
 (K:\Programy\MiKTeX\tex/latex/polski\omlplm.fd
File: omlplm.fd 2008/02/24 v1.2.1 Font defs for fonts PL (MW)
)
LaTeX Font Info:    Trying to load font information for OMS+plsy on input line 2.
 (K:\Programy\MiKTeX\tex/latex/polski\omsplsy.fd
File: omsplsy.fd 2008/02/24 v1.2.1 Font defs for fonts PL (MW)
)
LaTeX Font Info:    Trying to load font information for OMX+plex on input line 2.
 (K:\Programy\MiKTeX\tex/latex/polski\omxplex.fd
File: omxplex.fd 2008/02/24 v1.2.1 Font defs for fonts PL (MW)
)
LaTeX Font Info:    External font `plex10' loaded for size
(Font)              <12> on input line 2.
LaTeX Font Info:    External font `plex10' loaded for size
(Font)              <8> on input line 2.
LaTeX Font Info:    External font `plex10' loaded for size
(Font)              <6> on input line 2.
 [1

]
pdfTeX warning (ext4): destination with the same identifier (name{page.}) has been already used, duplicate ignored
<to be read again> 
                   \relax 
l.74 ...10.3}UPDATE (U1--U6)}{30}{subsection.10.3}
                                                  % [2])
\tf@toc=\write4
\openout4 = `main.toc'.


pdfTeX warning (ext4): destination with the same identifier (name{page.}) has been already used, duplicate ignored
<to be read again> 
                   \relax 
l.21 \clearpage
                [3]
pdfTeX warning (ext4): destination with the same identifier (name{page.1}) has been already used, duplicate ignored
<to be read again> 
                   \relax 
l.42 \section{PostgreSQL}
                          [1


] (chapters/02_postgres.tex [2

]
Overfull \hbox (17.73776pt too wide) in paragraph at lines 92--96
\T1/cmr/m/n/12 or-kie-stru-jˇ-cych au-to-ma-tycz-ny fa-ilo-ver: \T1/cmr/bx/n/12 Pa-tro-ni \T1/cmr/m/n/12 (opar-ty o etcd/Consul/ZooKeeper), \T1/cmr/bx/n/12 repmgr
 []

[3]
Overfull \hbox (3.34686pt too wide) in paragraph at lines 125--133
\T1/cmr/m/n/12 (Go), pq/pg-pool (No-de.js), Rust (sqlx, tokio-postgres), Ru-by (pg), PHP (PDO_PGSQL).
 []

[4]
Overfull \hbox (4.7757pt too wide) in paragraph at lines 172--175
[]\T1/cmr/bx/n/12 Nauka i aka-de-mia \T1/cmr/m/n/12 -- na-tyw-ne wspar-cie dla ta-blic, ty-pów do-ku-men-to-wych (JSONB),
 []


Overfull \hbox (2.44989pt too wide) in paragraph at lines 193--196
\T1/cmr/m/n/12 agre-gu-jˇ-ce oraz pi-sa˘ pro-ce-du-ry w wie-lu j¦-zy-kach (PL/pgSQL, PL/Python, PL/Perl,
 []

[5]
Overfull \hbox (45.54993pt too wide) in paragraph at lines 223--227
[]\T1/cmr/bx/n/12 ZŞo»ona ad-mi-ni-stra-cja \T1/cmr/m/n/12 -- bo-gac-two pa-ra-me-trów (po-nad 300 usta-wie« w \T1/cmtt/m/n/12 postgresql.conf\T1/cmr/m/n/12 )
 []

[6]
Overfull \hbox (1.06406pt too wide) in paragraph at lines 264--268
\T1/cmr/m/n/12 wer-sji 12) oraz in-dek-sy cz¦-±cio-we obej-mu-jˇ-ce tyl-ko wy-bra-ny pod-zbiór wier-szy (\T1/cmtt/m/n/12 WHERE
 []

) [7] [8

] [9

] [10

] [11

] (chapters/07_environment.tex (K:\Programy\MiKTeX\tex/latex/listings\lstlang1.sty
File: lstlang1.sty 2025/11/14 1.11b listings language file
) (K:\Programy\MiKTeX\tex/latex/listings\lstlang1.sty
File: lstlang1.sty 2025/11/14 1.11b listings language file
) [12

] [13]
Overfull \hbox (58.49182pt too wide) in paragraph at lines 116--119
[]\T1/cmr/bx/n/12 PyMongo \T1/cmr/m/n/12 -- Mon-goDB. Ofi-cjal-ny dri-ver do Mon-goDB; wspie-ra \T1/cmtt/m/n/12 insert_many(ordered=False)
 []

) [14{K:/Programy/MiKTeX/fonts/enc/dvips/pl/plms.enc}] [15

] [16

] (chapters/10_scenarios.tex
Overfull \hbox (60.93626pt too wide) in paragraph at lines 13--18
\T1/cmr/m/n/12 na-riusz te-stu-je koszt wsta-wie-nia po-wiˇ-za-nych re-kor-dów w trzech ró»-nych ta-be-lach/kolekcjach/w¦zŞach
 []

(K:\Programy\MiKTeX\tex/latex/listings\lstlang1.sty
File: lstlang1.sty 2025/11/14 1.11b listings language file
) [17

] (K:\Programy\MiKTeX\tex/latex/listings\lstlang1.sty
File: lstlang1.sty 2025/11/14 1.11b listings language file
) [18] [19] [20] [21] [22] [23] [24] [25] [26]
Overfull \hbox (25.17964pt too wide) in paragraph at lines 565--569
\T1/cmr/m/n/12 wa-riant z in-dek-sa-mi ko-rzy-sta z wy-spe-cja-li-zo-wa-nych struk-tur peŞ-no-tek-sto-wych (GIN+pg_trgm,
 []

[27] [28] [29] [30] [31] [32] [33] [34] [35] [36] [37]) [38] (chapters/11_explain.tex
<charts/explain/explain_scan_changes_small.png, id=1280, 1148.1294pt x 572.8602pt>
File: charts/explain/explain_scan_changes_small.png Graphic file (type png)
<use charts/explain/explain_scan_changes_small.png>
Package pdftex.def Info: charts/explain/explain_scan_changes_small.png  used on input line 5.
(pdftex.def)             Requested size: 452.9679pt x 226.00195pt.
<charts/explain/explain_scan_changes_medium.png, id=1282, 1148.1294pt x 572.8602pt>
File: charts/explain/explain_scan_changes_medium.png Graphic file (type png)
<use charts/explain/explain_scan_changes_medium.png>
Package pdftex.def Info: charts/explain/explain_scan_changes_medium.png  used on input line 11.
(pdftex.def)             Requested size: 452.9679pt x 226.00195pt.
<charts/explain/explain_scan_changes_large.png, id=1283, 1148.1294pt x 572.8602pt>
File: charts/explain/explain_scan_changes_large.png Graphic file (type png)
<use charts/explain/explain_scan_changes_large.png>
Package pdftex.def Info: charts/explain/explain_scan_changes_large.png  used on input line 17.
(pdftex.def)             Requested size: 452.9679pt x 226.00195pt.
 [39

 <./charts/explain/explain_scan_changes_small.png> <./charts/explain/explain_scan_changes_medium.png>]
<charts/explain/explain_rows_examined_small.png, id=1293, 1292.6694pt x 498.663pt>
File: charts/explain/explain_rows_examined_small.png Graphic file (type png)
<use charts/explain/explain_rows_examined_small.png>
Package pdftex.def Info: charts/explain/explain_rows_examined_small.png  used on input line 23.
(pdftex.def)             Requested size: 452.9679pt x 174.73248pt.
<charts/explain/explain_rows_examined_medium.png, id=1294, 1292.6694pt x 498.663pt>
File: charts/explain/explain_rows_examined_medium.png Graphic file (type png)
<use charts/explain/explain_rows_examined_medium.png>
Package pdftex.def Info: charts/explain/explain_rows_examined_medium.png  used on input line 29.
(pdftex.def)             Requested size: 452.9679pt x 174.73248pt.
<charts/explain/explain_rows_examined_large.png, id=1295, 1292.6694pt x 498.663pt>
File: charts/explain/explain_rows_examined_large.png Graphic file (type png)
<use charts/explain/explain_rows_examined_large.png>
Package pdftex.def Info: charts/explain/explain_rows_examined_large.png  used on input line 35.
(pdftex.def)             Requested size: 452.9679pt x 174.73248pt.
 [40 <./charts/explain/explain_scan_changes_large.png> <./charts/explain/explain_rows_examined_small.png> <./charts/explain/explain_rows_examined_medium.png>]
File: charts/explain/explain_scan_changes_small.png Graphic file (type png)
<use charts/explain/explain_scan_changes_small.png>
Package pdftex.def Info: charts/explain/explain_scan_changes_small.png  used on input line 45.
(pdftex.def)             Requested size: 452.9679pt x 226.00195pt.
File: charts/explain/explain_scan_changes_medium.png Graphic file (type png)
<use charts/explain/explain_scan_changes_medium.png>
Package pdftex.def Info: charts/explain/explain_scan_changes_medium.png  used on input line 51.
(pdftex.def)             Requested size: 452.9679pt x 226.00195pt.
 [41 <./charts/explain/explain_rows_examined_large.png>]
File: charts/explain/explain_scan_changes_large.png Graphic file (type png)
<use charts/explain/explain_scan_changes_large.png>
Package pdftex.def Info: charts/explain/explain_scan_changes_large.png  used on input line 57.
(pdftex.def)             Requested size: 452.9679pt x 226.00195pt.
File: charts/explain/explain_rows_examined_small.png Graphic file (type png)
<use charts/explain/explain_rows_examined_small.png>
Package pdftex.def Info: charts/explain/explain_rows_examined_small.png  used on input line 63.
(pdftex.def)             Requested size: 452.9679pt x 174.73248pt.
 [42]
File: charts/explain/explain_rows_examined_medium.png Graphic file (type png)
<use charts/explain/explain_rows_examined_medium.png>
Package pdftex.def Info: charts/explain/explain_rows_examined_medium.png  used on input line 69.
(pdftex.def)             Requested size: 452.9679pt x 174.73248pt.
File: charts/explain/explain_rows_examined_large.png Graphic file (type png)
<use charts/explain/explain_rows_examined_large.png>
Package pdftex.def Info: charts/explain/explain_rows_examined_large.png  used on input line 75.
(pdftex.def)             Requested size: 452.9679pt x 174.73248pt.
<charts/explain/explain_exec_time_small.png, id=1319, 1148.1294pt x 427.8384pt>
File: charts/explain/explain_exec_time_small.png Graphic file (type png)
<use charts/explain/explain_exec_time_small.png>
Package pdftex.def Info: charts/explain/explain_exec_time_small.png  used on input line 85.
(pdftex.def)             Requested size: 452.9679pt x 168.78867pt.
 [43]
<charts/explain/explain_exec_time_medium.png, id=1327, 1148.1294pt x 427.8384pt>
File: charts/explain/explain_exec_time_medium.png Graphic file (type png)
<use charts/explain/explain_exec_time_medium.png>
Package pdftex.def Info: charts/explain/explain_exec_time_medium.png  used on input line 91.
(pdftex.def)             Requested size: 452.9679pt x 168.78867pt.
<charts/explain/explain_exec_time_large.png, id=1328, 1148.1294pt x 427.8384pt>
File: charts/explain/explain_exec_time_large.png Graphic file (type png)
<use charts/explain/explain_exec_time_large.png>
Package pdftex.def Info: charts/explain/explain_exec_time_large.png  used on input line 97.
(pdftex.def)             Requested size: 452.9679pt x 168.78867pt.
) [44 <./charts/explain/explain_exec_time_small.png> <./charts/explain/explain_exec_time_medium.png> <./charts/explain/explain_exec_time_large.png>] (chapters/12_small.tex
<charts/small/chart_I2.png, id=1339, 643.203pt x 497.6994pt>
File: charts/small/chart_I2.png Graphic file (type png)
<use charts/small/chart_I2.png>
Package pdftex.def Info: charts/small/chart_I2.png  used on input line 9.
(pdftex.def)             Requested size: 362.37569pt x 280.40327pt.
<charts/small/chart_I3.png, id=1340, 643.203pt x 497.6994pt>
File: charts/small/chart_I3.png Graphic file (type png)
<use charts/small/chart_I3.png>
Package pdftex.def Info: charts/small/chart_I3.png  used on input line 16.
(pdftex.def)             Requested size: 362.37569pt x 280.40327pt.
 [45

 <./charts/small/chart_I2.png>]
<charts/small/chart_S2.png, id=1349, 643.203pt x 497.6994pt>
File: charts/small/chart_S2.png Graphic file (type png)
<use charts/small/chart_S2.png>
Package pdftex.def Info: charts/small/chart_S2.png  used on input line 27.
(pdftex.def)             Requested size: 362.37569pt x 280.40327pt.
<charts/small/chart_S3.png, id=1350, 643.203pt x 497.6994pt>
File: charts/small/chart_S3.png Graphic file (type png)
<use charts/small/chart_S3.png>
Package pdftex.def Info: charts/small/chart_S3.png  used on input line 34.
(pdftex.def)             Requested size: 362.37569pt x 280.40327pt.
 [46 <./charts/small/chart_I3.png> <./charts/small/chart_S2.png>]
<charts/small/chart_S4.png, id=1361, 643.203pt x 497.6994pt>
File: charts/small/chart_S4.png Graphic file (type png)
<use charts/small/chart_S4.png>
Package pdftex.def Info: charts/small/chart_S4.png  used on input line 41.
(pdftex.def)             Requested size: 362.37569pt x 280.40327pt.
<charts/small/chart_D1.png, id=1362, 643.203pt x 497.6994pt>
File: charts/small/chart_D1.png Graphic file (type png)
<use charts/small/chart_D1.png>
Package pdftex.def Info: charts/small/chart_D1.png  used on input line 52.
(pdftex.def)             Requested size: 362.37569pt x 280.40327pt.
 [47 <./charts/small/chart_S3.png> <./charts/small/chart_S4.png>]
<charts/small/chart_D4.png, id=1373, 643.203pt x 497.6994pt>
File: charts/small/chart_D4.png Graphic file (type png)
<use charts/small/chart_D4.png>
Package pdftex.def Info: charts/small/chart_D4.png  used on input line 59.
(pdftex.def)             Requested size: 362.37569pt x 280.40327pt.
<charts/small/chart_D6.png, id=1374, 643.203pt x 497.6994pt>
File: charts/small/chart_D6.png Graphic file (type png)
<use charts/small/chart_D6.png>
Package pdftex.def Info: charts/small/chart_D6.png  used on input line 66.
(pdftex.def)             Requested size: 362.37569pt x 280.40327pt.
 [48 <./charts/small/chart_D1.png> <./charts/small/chart_D4.png>]
<charts/small/chart_U2.png, id=1385, 643.203pt x 497.6994pt>
File: charts/small/chart_U2.png Graphic file (type png)
<use charts/small/chart_U2.png>
Package pdftex.def Info: charts/small/chart_U2.png  used on input line 77.
(pdftex.def)             Requested size: 362.37569pt x 280.40327pt.
<charts/small/chart_U3.png, id=1386, 643.203pt x 497.6994pt>
File: charts/small/chart_U3.png Graphic file (type png)
<use charts/small/chart_U3.png>
Package pdftex.def Info: charts/small/chart_U3.png  used on input line 84.
(pdftex.def)             Requested size: 362.37569pt x 280.40327pt.
) [49 <./charts/small/chart_D6.png> <./charts/small/chart_U2.png>] (chapters/12_medium.tex
<charts/medium/chart_I2.png, id=1397, 643.203pt x 497.6994pt>
File: charts/medium/chart_I2.png Graphic file (type png)
<use charts/medium/chart_I2.png>
Package pdftex.def Info: charts/medium/chart_I2.png  used on input line 9.
(pdftex.def)             Requested size: 362.37569pt x 280.40327pt.
 [50 <./charts/small/chart_U3.png>]
<charts/medium/chart_I3.png, id=1405, 643.203pt x 497.6994pt>
File: charts/medium/chart_I3.png Graphic file (type png)
<use charts/medium/chart_I3.png>
Package pdftex.def Info: charts/medium/chart_I3.png  used on input line 16.
(pdftex.def)             Requested size: 362.37569pt x 280.40327pt.
 [51 <./charts/medium/chart_I2.png>]
<charts/medium/chart_S2.png, id=1414, 643.203pt x 497.6994pt>
File: charts/medium/chart_S2.png Graphic file (type png)
<use charts/medium/chart_S2.png>
Package pdftex.def Info: charts/medium/chart_S2.png  used on input line 27.
(pdftex.def)             Requested size: 362.37569pt x 280.40327pt.
<charts/medium/chart_S3.png, id=1415, 643.203pt x 497.6994pt>
File: charts/medium/chart_S3.png Graphic file (type png)
<use charts/medium/chart_S3.png>
Package pdftex.def Info: charts/medium/chart_S3.png  used on input line 34.
(pdftex.def)             Requested size: 362.37569pt x 280.40327pt.
 [52 <./charts/medium/chart_I3.png> <./charts/medium/chart_S2.png>]
<charts/medium/chart_S4.png, id=1426, 643.203pt x 497.6994pt>
File: charts/medium/chart_S4.png Graphic file (type png)
<use charts/medium/chart_S4.png>
Package pdftex.def Info: charts/medium/chart_S4.png  used on input line 41.
(pdftex.def)             Requested size: 362.37569pt x 280.40327pt.
<charts/medium/chart_D1.png, id=1427, 643.203pt x 497.6994pt>
File: charts/medium/chart_D1.png Graphic file (type png)
<use charts/medium/chart_D1.png>
Package pdftex.def Info: charts/medium/chart_D1.png  used on input line 52.
(pdftex.def)             Requested size: 362.37569pt x 280.40327pt.
 [53 <./charts/medium/chart_S3.png> <./charts/medium/chart_S4.png>]
<charts/medium/chart_D4.png, id=1438, 643.203pt x 497.6994pt>
File: charts/medium/chart_D4.png Graphic file (type png)
<use charts/medium/chart_D4.png>
Package pdftex.def Info: charts/medium/chart_D4.png  used on input line 59.
(pdftex.def)             Requested size: 362.37569pt x 280.40327pt.
<charts/medium/chart_D6.png, id=1439, 643.203pt x 497.6994pt>
File: charts/medium/chart_D6.png Graphic file (type png)
<use charts/medium/chart_D6.png>
Package pdftex.def Info: charts/medium/chart_D6.png  used on input line 66.
(pdftex.def)             Requested size: 362.37569pt x 280.40327pt.
 [54 <./charts/medium/chart_D1.png> <./charts/medium/chart_D4.png>]
<charts/medium/chart_U2.png, id=1450, 643.203pt x 497.6994pt>
File: charts/medium/chart_U2.png Graphic file (type png)
<use charts/medium/chart_U2.png>
Package pdftex.def Info: charts/medium/chart_U2.png  used on input line 77.
(pdftex.def)             Requested size: 362.37569pt x 280.40327pt.
<charts/medium/chart_U3.png, id=1451, 643.203pt x 497.6994pt>
File: charts/medium/chart_U3.png Graphic file (type png)
<use charts/medium/chart_U3.png>
Package pdftex.def Info: charts/medium/chart_U3.png  used on input line 84.
(pdftex.def)             Requested size: 362.37569pt x 280.40327pt.
) [55 <./charts/medium/chart_D6.png> <./charts/medium/chart_U2.png>] (chapters/12_large.tex
<charts/large/chart_I2.png, id=1462, 643.203pt x 497.6994pt>
File: charts/large/chart_I2.png Graphic file (type png)
<use charts/large/chart_I2.png>
Package pdftex.def Info: charts/large/chart_I2.png  used on input line 9.
(pdftex.def)             Requested size: 362.37569pt x 280.40327pt.
 [56 <./charts/medium/chart_U3.png>]
<charts/large/chart_I3.png, id=1470, 643.203pt x 497.6994pt>
File: charts/large/chart_I3.png Graphic file (type png)
<use charts/large/chart_I3.png>
Package pdftex.def Info: charts/large/chart_I3.png  used on input line 16.
(pdftex.def)             Requested size: 362.37569pt x 280.40327pt.
 [57 <./charts/large/chart_I2.png>]
<charts/large/chart_S2.png, id=1479, 643.203pt x 497.6994pt>
File: charts/large/chart_S2.png Graphic file (type png)
<use charts/large/chart_S2.png>
Package pdftex.def Info: charts/large/chart_S2.png  used on input line 27.
(pdftex.def)             Requested size: 362.37569pt x 280.40327pt.
<charts/large/chart_S3.png, id=1480, 643.203pt x 497.6994pt>
File: charts/large/chart_S3.png Graphic file (type png)
<use charts/large/chart_S3.png>
Package pdftex.def Info: charts/large/chart_S3.png  used on input line 34.
(pdftex.def)             Requested size: 362.37569pt x 280.40327pt.
 [58 <./charts/large/chart_I3.png> <./charts/large/chart_S2.png>]
<charts/large/chart_S4.png, id=1491, 643.203pt x 497.6994pt>
File: charts/large/chart_S4.png Graphic file (type png)
<use charts/large/chart_S4.png>
Package pdftex.def Info: charts/large/chart_S4.png  used on input line 41.
(pdftex.def)             Requested size: 362.37569pt x 280.40327pt.
<charts/large/chart_D1.png, id=1492, 643.203pt x 497.6994pt>
File: charts/large/chart_D1.png Graphic file (type png)
<use charts/large/chart_D1.png>
Package pdftex.def Info: charts/large/chart_D1.png  used on input line 52.
(pdftex.def)             Requested size: 362.37569pt x 280.40327pt.
 [59 <./charts/large/chart_S3.png> <./charts/large/chart_S4.png>]
<charts/large/chart_D4.png, id=1503, 643.203pt x 497.6994pt>
File: charts/large/chart_D4.png Graphic file (type png)
<use charts/large/chart_D4.png>
Package pdftex.def Info: charts/large/chart_D4.png  used on input line 59.
(pdftex.def)             Requested size: 362.37569pt x 280.40327pt.
<charts/large/chart_D6.png, id=1504, 643.203pt x 497.6994pt>
File: charts/large/chart_D6.png Graphic file (type png)
<use charts/large/chart_D6.png>
Package pdftex.def Info: charts/large/chart_D6.png  used on input line 66.
(pdftex.def)             Requested size: 362.37569pt x 280.40327pt.
 [60 <./charts/large/chart_D1.png> <./charts/large/chart_D4.png>]
<charts/large/chart_U2.png, id=1515, 643.203pt x 497.6994pt>
File: charts/large/chart_U2.png Graphic file (type png)
<use charts/large/chart_U2.png>
Package pdftex.def Info: charts/large/chart_U2.png  used on input line 77.
(pdftex.def)             Requested size: 362.37569pt x 280.40327pt.
<charts/large/chart_U3.png, id=1516, 643.203pt x 497.6994pt>
File: charts/large/chart_U3.png Graphic file (type png)
<use charts/large/chart_U3.png>
Package pdftex.def Info: charts/large/chart_U3.png  used on input line 84.
(pdftex.def)             Requested size: 362.37569pt x 280.40327pt.
) [61 <./charts/large/chart_D6.png> <./charts/large/chart_U2.png>] [62 <./charts/large/chart_U3.png>]
<charts/small/index_heatmap_small.png, id=1534, 694.7556pt x 860.013pt>
File: charts/small/index_heatmap_small.png Graphic file (type png)
<use charts/small/index_heatmap_small.png>
Package pdftex.def Info: charts/small/index_heatmap_small.png  used on input line 138.
(pdftex.def)             Requested size: 452.9679pt x 560.70778pt.
 [63

]
<charts/medium/index_heatmap_medium.png, id=1540, 694.7556pt x 860.013pt>
File: charts/medium/index_heatmap_medium.png Graphic file (type png)
<use charts/medium/index_heatmap_medium.png>
Package pdftex.def Info: charts/medium/index_heatmap_medium.png  used on input line 144.
(pdftex.def)             Requested size: 452.9679pt x 560.70778pt.
 [64 <./charts/small/index_heatmap_small.png>]
<charts/large/index_heatmap_large.png, id=1547, 694.7556pt x 860.013pt>
File: charts/large/index_heatmap_large.png Graphic file (type png)
<use charts/large/index_heatmap_large.png>
Package pdftex.def Info: charts/large/index_heatmap_large.png  used on input line 150.
(pdftex.def)             Requested size: 452.9679pt x 560.70778pt.
 [65 <./charts/medium/index_heatmap_medium.png>] [66 <./charts/large/index_heatmap_large.png>] [67

] (chapters/appendix.tex
<charts/small/chart_I1.png, id=1564, 643.203pt x 497.6994pt>
File: charts/small/chart_I1.png Graphic file (type png)
<use charts/small/chart_I1.png>
Package pdftex.def Info: charts/small/chart_I1.png  used on input line 14.
(pdftex.def)             Requested size: 362.37569pt x 280.40327pt.
<charts/small/chart_I4.png, id=1565, 643.203pt x 497.6994pt>
File: charts/small/chart_I4.png Graphic file (type png)
<use charts/small/chart_I4.png>
Package pdftex.def Info: charts/small/chart_I4.png  used on input line 21.
(pdftex.def)             Requested size: 362.37569pt x 280.40327pt.
 [68

 <./charts/small/chart_I1.png>]
<charts/small/chart_I5.png, id=1573, 643.203pt x 497.6994pt>
File: charts/small/chart_I5.png Graphic file (type png)
<use charts/small/chart_I5.png>
Package pdftex.def Info: charts/small/chart_I5.png  used on input line 28.
(pdftex.def)             Requested size: 362.37569pt x 280.40327pt.
<charts/small/chart_I6.png, id=1574, 643.203pt x 497.6994pt>
File: charts/small/chart_I6.png Graphic file (type png)
<use charts/small/chart_I6.png>
Package pdftex.def Info: charts/small/chart_I6.png  used on input line 35.
(pdftex.def)             Requested size: 362.37569pt x 280.40327pt.
 [69 <./charts/small/chart_I4.png> <./charts/small/chart_I5.png>]
<charts/small/chart_S1.png, id=1586, 643.203pt x 497.6994pt>
File: charts/small/chart_S1.png Graphic file (type png)
<use charts/small/chart_S1.png>
Package pdftex.def Info: charts/small/chart_S1.png  used on input line 46.
(pdftex.def)             Requested size: 362.37569pt x 280.40327pt.
<charts/small/chart_S5.png, id=1587, 643.203pt x 497.6994pt>
File: charts/small/chart_S5.png Graphic file (type png)
<use charts/small/chart_S5.png>
Package pdftex.def Info: charts/small/chart_S5.png  used on input line 53.
(pdftex.def)             Requested size: 362.37569pt x 280.40327pt.
 [70 <./charts/small/chart_I6.png> <./charts/small/chart_S1.png>]
<charts/small/chart_S6.png, id=1598, 643.203pt x 497.6994pt>
File: charts/small/chart_S6.png Graphic file (type png)
<use charts/small/chart_S6.png>
Package pdftex.def Info: charts/small/chart_S6.png  used on input line 60.
(pdftex.def)             Requested size: 362.37569pt x 280.40327pt.
<charts/small/chart_D2.png, id=1599, 643.203pt x 497.6994pt>
File: charts/small/chart_D2.png Graphic file (type png)
<use charts/small/chart_D2.png>
Package pdftex.def Info: charts/small/chart_D2.png  used on input line 71.
(pdftex.def)             Requested size: 362.37569pt x 280.40327pt.
 [71 <./charts/small/chart_S5.png> <./charts/small/chart_S6.png>]
<charts/small/chart_D3.png, id=1610, 643.203pt x 497.6994pt>
File: charts/small/chart_D3.png Graphic file (type png)
<use charts/small/chart_D3.png>
Package pdftex.def Info: charts/small/chart_D3.png  used on input line 78.
(pdftex.def)             Requested size: 362.37569pt x 280.40327pt.
<charts/small/chart_D5.png, id=1611, 643.203pt x 497.6994pt>
File: charts/small/chart_D5.png Graphic file (type png)
<use charts/small/chart_D5.png>
Package pdftex.def Info: charts/small/chart_D5.png  used on input line 85.
(pdftex.def)             Requested size: 362.37569pt x 280.40327pt.
 [72 <./charts/small/chart_D2.png> <./charts/small/chart_D3.png>]
<charts/small/chart_U1.png, id=1622, 643.203pt x 497.6994pt>
File: charts/small/chart_U1.png Graphic file (type png)
<use charts/small/chart_U1.png>
Package pdftex.def Info: charts/small/chart_U1.png  used on input line 96.
(pdftex.def)             Requested size: 362.37569pt x 280.40327pt.
<charts/small/chart_U4.png, id=1623, 643.203pt x 497.6994pt>
File: charts/small/chart_U4.png Graphic file (type png)
<use charts/small/chart_U4.png>
Package pdftex.def Info: charts/small/chart_U4.png  used on input line 103.
(pdftex.def)             Requested size: 362.37569pt x 280.40327pt.
 [73 <./charts/small/chart_D5.png> <./charts/small/chart_U1.png>]
<charts/small/chart_U5.png, id=1634, 643.203pt x 497.6994pt>
File: charts/small/chart_U5.png Graphic file (type png)
<use charts/small/chart_U5.png>
Package pdftex.def Info: charts/small/chart_U5.png  used on input line 110.
(pdftex.def)             Requested size: 362.37569pt x 280.40327pt.
<charts/small/chart_U6.png, id=1635, 643.203pt x 497.6994pt>
File: charts/small/chart_U6.png Graphic file (type png)
<use charts/small/chart_U6.png>
Package pdftex.def Info: charts/small/chart_U6.png  used on input line 117.
(pdftex.def)             Requested size: 362.37569pt x 280.40327pt.
 [74 <./charts/small/chart_U4.png> <./charts/small/chart_U5.png>]
<charts/medium/chart_I1.png, id=1646, 643.203pt x 497.6994pt>
File: charts/medium/chart_I1.png Graphic file (type png)
<use charts/medium/chart_I1.png>
Package pdftex.def Info: charts/medium/chart_I1.png  used on input line 131.
(pdftex.def)             Requested size: 362.37569pt x 280.40327pt.
 [75 <./charts/small/chart_U6.png>]
<charts/medium/chart_I4.png, id=1655, 643.203pt x 497.6994pt>
File: charts/medium/chart_I4.png Graphic file (type png)
<use charts/medium/chart_I4.png>
Package pdftex.def Info: charts/medium/chart_I4.png  used on input line 138.
(pdftex.def)             Requested size: 362.37569pt x 280.40327pt.
 [76 <./charts/medium/chart_I1.png>]
<charts/medium/chart_I5.png, id=1663, 643.203pt x 497.6994pt>
File: charts/medium/chart_I5.png Graphic file (type png)
<use charts/medium/chart_I5.png>
Package pdftex.def Info: charts/medium/chart_I5.png  used on input line 145.
(pdftex.def)             Requested size: 362.37569pt x 280.40327pt.
<charts/medium/chart_I6.png, id=1664, 643.203pt x 497.6994pt>
File: charts/medium/chart_I6.png Graphic file (type png)
<use charts/medium/chart_I6.png>
Package pdftex.def Info: charts/medium/chart_I6.png  used on input line 152.
(pdftex.def)             Requested size: 362.37569pt x 280.40327pt.
 [77 <./charts/medium/chart_I4.png> <./charts/medium/chart_I5.png>]
<charts/medium/chart_S1.png, id=1675, 643.203pt x 497.6994pt>
File: charts/medium/chart_S1.png Graphic file (type png)
<use charts/medium/chart_S1.png>
Package pdftex.def Info: charts/medium/chart_S1.png  used on input line 163.
(pdftex.def)             Requested size: 362.37569pt x 280.40327pt.
<charts/medium/chart_S5.png, id=1676, 643.203pt x 497.6994pt>
File: charts/medium/chart_S5.png Graphic file (type png)
<use charts/medium/chart_S5.png>
Package pdftex.def Info: charts/medium/chart_S5.png  used on input line 170.
(pdftex.def)             Requested size: 362.37569pt x 280.40327pt.
 [78 <./charts/medium/chart_I6.png> <./charts/medium/chart_S1.png>]
<charts/medium/chart_S6.png, id=1687, 643.203pt x 497.6994pt>
File: charts/medium/chart_S6.png Graphic file (type png)
<use charts/medium/chart_S6.png>
Package pdftex.def Info: charts/medium/chart_S6.png  used on input line 177.
(pdftex.def)             Requested size: 362.37569pt x 280.40327pt.
<charts/medium/chart_D2.png, id=1688, 643.203pt x 497.6994pt>
File: charts/medium/chart_D2.png Graphic file (type png)
<use charts/medium/chart_D2.png>
Package pdftex.def Info: charts/medium/chart_D2.png  used on input line 188.
(pdftex.def)             Requested size: 362.37569pt x 280.40327pt.
 [79 <./charts/medium/chart_S5.png> <./charts/medium/chart_S6.png>]
<charts/medium/chart_D3.png, id=1699, 643.203pt x 497.6994pt>
File: charts/medium/chart_D3.png Graphic file (type png)
<use charts/medium/chart_D3.png>
Package pdftex.def Info: charts/medium/chart_D3.png  used on input line 195.
(pdftex.def)             Requested size: 362.37569pt x 280.40327pt.
<charts/medium/chart_D5.png, id=1700, 643.203pt x 497.6994pt>
File: charts/medium/chart_D5.png Graphic file (type png)
<use charts/medium/chart_D5.png>
Package pdftex.def Info: charts/medium/chart_D5.png  used on input line 202.
(pdftex.def)             Requested size: 362.37569pt x 280.40327pt.
 [80 <./charts/medium/chart_D2.png> <./charts/medium/chart_D3.png>]
<charts/medium/chart_U1.png, id=1711, 643.203pt x 497.6994pt>
File: charts/medium/chart_U1.png Graphic file (type png)
<use charts/medium/chart_U1.png>
Package pdftex.def Info: charts/medium/chart_U1.png  used on input line 213.
(pdftex.def)             Requested size: 362.37569pt x 280.40327pt.
<charts/medium/chart_U4.png, id=1712, 643.203pt x 497.6994pt>
File: charts/medium/chart_U4.png Graphic file (type png)
<use charts/medium/chart_U4.png>
Package pdftex.def Info: charts/medium/chart_U4.png  used on input line 220.
(pdftex.def)             Requested size: 362.37569pt x 280.40327pt.
 [81 <./charts/medium/chart_D5.png> <./charts/medium/chart_U1.png>]
<charts/medium/chart_U5.png, id=1724, 643.203pt x 497.6994pt>
File: charts/medium/chart_U5.png Graphic file (type png)
<use charts/medium/chart_U5.png>
Package pdftex.def Info: charts/medium/chart_U5.png  used on input line 227.
(pdftex.def)             Requested size: 362.37569pt x 280.40327pt.
<charts/medium/chart_U6.png, id=1725, 643.203pt x 497.6994pt>
File: charts/medium/chart_U6.png Graphic file (type png)
<use charts/medium/chart_U6.png>
Package pdftex.def Info: charts/medium/chart_U6.png  used on input line 234.
(pdftex.def)             Requested size: 362.37569pt x 280.40327pt.
 [82 <./charts/medium/chart_U4.png> <./charts/medium/chart_U5.png>]
<charts/large/chart_I1.png, id=1736, 643.203pt x 497.6994pt>
File: charts/large/chart_I1.png Graphic file (type png)
<use charts/large/chart_I1.png>
Package pdftex.def Info: charts/large/chart_I1.png  used on input line 248.
(pdftex.def)             Requested size: 362.37569pt x 280.40327pt.
 [83 <./charts/medium/chart_U6.png>]
<charts/large/chart_I4.png, id=1744, 643.203pt x 497.6994pt>
File: charts/large/chart_I4.png Graphic file (type png)
<use charts/large/chart_I4.png>
Package pdftex.def Info: charts/large/chart_I4.png  used on input line 255.
(pdftex.def)             Requested size: 362.37569pt x 280.40327pt.
 [84 <./charts/large/chart_I1.png>]
<charts/large/chart_I5.png, id=1752, 643.203pt x 497.6994pt>
File: charts/large/chart_I5.png Graphic file (type png)
<use charts/large/chart_I5.png>
Package pdftex.def Info: charts/large/chart_I5.png  used on input line 262.
(pdftex.def)             Requested size: 362.37569pt x 280.40327pt.
<charts/large/chart_I6.png, id=1753, 643.203pt x 497.6994pt>
File: charts/large/chart_I6.png Graphic file (type png)
<use charts/large/chart_I6.png>
Package pdftex.def Info: charts/large/chart_I6.png  used on input line 269.
(pdftex.def)             Requested size: 362.37569pt x 280.40327pt.
 [85 <./charts/large/chart_I4.png> <./charts/large/chart_I5.png>]
<charts/large/chart_S1.png, id=1764, 643.203pt x 497.6994pt>
File: charts/large/chart_S1.png Graphic file (type png)
<use charts/large/chart_S1.png>
Package pdftex.def Info: charts/large/chart_S1.png  used on input line 280.
(pdftex.def)             Requested size: 362.37569pt x 280.40327pt.
<charts/large/chart_S5.png, id=1765, 643.203pt x 497.6994pt>
File: charts/large/chart_S5.png Graphic file (type png)
<use charts/large/chart_S5.png>
Package pdftex.def Info: charts/large/chart_S5.png  used on input line 287.
(pdftex.def)             Requested size: 362.37569pt x 280.40327pt.
 [86 <./charts/large/chart_I6.png> <./charts/large/chart_S1.png>]
<charts/large/chart_S6.png, id=1776, 643.203pt x 497.6994pt>
File: charts/large/chart_S6.png Graphic file (type png)
<use charts/large/chart_S6.png>
Package pdftex.def Info: charts/large/chart_S6.png  used on input line 294.
(pdftex.def)             Requested size: 362.37569pt x 280.40327pt.
<charts/large/chart_D2.png, id=1777, 643.203pt x 497.6994pt>
File: charts/large/chart_D2.png Graphic file (type png)
<use charts/large/chart_D2.png>
Package pdftex.def Info: charts/large/chart_D2.png  used on input line 305.
(pdftex.def)             Requested size: 362.37569pt x 280.40327pt.
 [87 <./charts/large/chart_S5.png> <./charts/large/chart_S6.png>]
<charts/large/chart_D3.png, id=1789, 643.203pt x 497.6994pt>
File: charts/large/chart_D3.png Graphic file (type png)
<use charts/large/chart_D3.png>
Package pdftex.def Info: charts/large/chart_D3.png  used on input line 312.
(pdftex.def)             Requested size: 362.37569pt x 280.40327pt.
<charts/large/chart_D5.png, id=1790, 643.203pt x 497.6994pt>
File: charts/large/chart_D5.png Graphic file (type png)
<use charts/large/chart_D5.png>
Package pdftex.def Info: charts/large/chart_D5.png  used on input line 319.
(pdftex.def)             Requested size: 362.37569pt x 280.40327pt.
 [88 <./charts/large/chart_D2.png> <./charts/large/chart_D3.png>]
<charts/large/chart_U1.png, id=1801, 643.203pt x 497.6994pt>
File: charts/large/chart_U1.png Graphic file (type png)
<use charts/large/chart_U1.png>
Package pdftex.def Info: charts/large/chart_U1.png  used on input line 330.
(pdftex.def)             Requested size: 362.37569pt x 280.40327pt.
<charts/large/chart_U4.png, id=1802, 643.203pt x 497.6994pt>
File: charts/large/chart_U4.png Graphic file (type png)
<use charts/large/chart_U4.png>
Package pdftex.def Info: charts/large/chart_U4.png  used on input line 337.
(pdftex.def)             Requested size: 362.37569pt x 280.40327pt.
 [89 <./charts/large/chart_D5.png> <./charts/large/chart_U1.png>]
<charts/large/chart_U5.png, id=1813, 643.203pt x 497.6994pt>
File: charts/large/chart_U5.png Graphic file (type png)
<use charts/large/chart_U5.png>
Package pdftex.def Info: charts/large/chart_U5.png  used on input line 344.
(pdftex.def)             Requested size: 362.37569pt x 280.40327pt.
<charts/large/chart_U6.png, id=1814, 643.203pt x 497.6994pt>
File: charts/large/chart_U6.png Graphic file (type png)
<use charts/large/chart_U6.png>
Package pdftex.def Info: charts/large/chart_U6.png  used on input line 351.
(pdftex.def)             Requested size: 362.37569pt x 280.40327pt.
) [90 <./charts/large/chart_U4.png> <./charts/large/chart_U5.png>] [91 <./charts/large/chart_U6.png>] (main.aux)
 ***********
LaTeX2e <2025-11-01>
L3 programming layer <2026-03-20>
 ***********
Package rerunfilecheck Info: File `main.out' has not changed.
(rerunfilecheck)             Checksum: C74A6B849CBEC903D7D937CD8B9BA094;11640.
 ) 
Here is how much of TeX's memory you used:
 17486 strings out of 467690
 279917 string characters out of 5427472
 1089070 words of memory out of 5000000
 45275 multiletter control sequences out of 15000+600000
 642456 words of font info for 68 fonts, out of 8000000 for 9000
 1141 hyphenation exceptions out of 8191
 90i,6n,98p,429b,1268s stack positions out of 10000i,1000n,20000p,200000b,200000s
 <C:\Users\Jakub\AppData\Local\MiKTeX\fonts/pk/ljfour/jknappen/ec/dpi600\ecit1000.pk> <C:\Users\Jakub\AppData\Local\MiKTeX\fonts/pk/ljfour/jknappen/ec/dpi600\ectt1000.pk> <C:\Users\Jakub\AppData\Local\MiKTeX\fonts/pk/ljfour/jknappen/ec/dpi600\ectt1095.pk> <C:\Users\Jakub\AppData\Local\MiKTeX\fonts/pk/ljfour/jknappen/ec/dpi600\ecrm0600.pk> <C:\Users\Jakub\AppData\Local\MiKTeX\fonts/pk/ljfour/jknappen/ec/dpi600\tcrm1200.pk> <C:\Users\Jakub\AppData\Local\MiKTeX\fonts/pk/ljfour/jknappen/ec/dpi600\ectt1200.pk> <C:\Users\Jakub\AppData\Local\MiKTeX\fonts/pk/ljfour/jknappen/ec/dpi600\ecti1200.pk> <C:\Users\Jakub\AppData\Local\MiKTeX\fonts/pk/ljfour/jknappen/ec/dpi600\ecbx1440.pk> <C:\Users\Jakub\AppData\Local\MiKTeX\fonts/pk/ljfour/jknappen/ec/dpi600\ecrm1200.pk> <C:\Users\Jakub\AppData\Local\MiKTeX\fonts/pk/ljfour/jknappen/ec/dpi600\ecbx1200.pk> <C:\Users\Jakub\AppData\Local\MiKTeX\fonts/pk/ljfour/jknappen/ec/dpi600\ecbx1728.pk> <C:\Users\Jakub\AppData\Local\MiKTeX\fonts/pk/ljfour/jknappen/ec/dpi600\ecrm1440.pk> <C:\Users\Jakub\AppData\Local\MiKTeX\fonts/pk/ljfour/jknappen/ec/dpi600\ecbx2488.pk><K:/Programy/MiKTeX/fonts/type1/public/pl/plsy10.pfb>
Output written on main.pdf (95 pages, 5358834 bytes).
PDF statistics:
 2767 PDF objects out of 2984 (max. 8388607)
 1037 named destinations out of 1200 (max. 500000)
 1042 words of extra memory for PDF output out of 10000 (max. 10000000)

