\BOOKMARK [1][-]{section.1}{\376\377\000C\000e\000l\000\040\000i\000\040\000z\000a\000k\000r\000e\000s\000\040\000p\000r\000a\000c\000y}{}% 1
\BOOKMARK [2][-]{subsection.1.1}{\376\377\000H\000i\000p\000o\000t\000e\000z\000a\000\040\000b\000a\000d\000a\000w\000c\000z\000a}{section.1}% 2
\BOOKMARK [2][-]{subsection.1.2}{\376\377\000Z\000a\000k\000r\000e\000s\000\040\000p\000o\000r\000\363\000w\000n\000a\000n\000i\000a}{section.1}% 3
\BOOKMARK [1][-]{section.2}{\376\377\000P\000o\000s\000t\000g\000r\000e\000S\000Q\000L}{}% 4
\BOOKMARK [2][-]{subsection.2.1}{\376\377\000S\000k\000a\000l\000o\000w\000a\000l\000n\000o\001\133\001\007}{section.2}% 5
\BOOKMARK [2][-]{subsection.2.2}{\376\377\000B\000e\000z\000p\000i\000e\000c\000z\000e\001\104\000s\000t\000w\000o}{section.2}% 6
\BOOKMARK [2][-]{subsection.2.3}{\376\377\000A\000w\000a\000r\000y\000j\000n\000o\001\133\001\007}{section.2}% 7
\BOOKMARK [2][-]{subsection.2.4}{\376\377\000M\000i\000g\000r\000a\000c\000j\000e}{section.2}% 8
\BOOKMARK [2][-]{subsection.2.5}{\376\377\000I\000n\000t\000e\000g\000r\000a\000c\000j\000e}{section.2}% 9
\BOOKMARK [2][-]{subsection.2.6}{\376\377\000O\000b\000s\000z\000a\000r\000y\000\040\000b\000i\000z\000n\000e\000s\000o\000w\000e}{section.2}% 10
\BOOKMARK [2][-]{subsection.2.7}{\376\377\000Z\000a\000l\000e\000t\000y}{section.2}% 11
\BOOKMARK [2][-]{subsection.2.8}{\376\377\000W\000a\000d\000y\000\040\000i\000\040\000o\000g\000r\000a\000n\000i\000c\000z\000e\000n\000i\000a}{section.2}% 12
\BOOKMARK [2][-]{subsection.2.9}{\376\377\000U\000d\000o\000g\000o\000d\000n\000i\000e\000n\000i\000a}{section.2}% 13
\BOOKMARK [1][-]{section.3}{\376\377\000M\000y\000S\000Q\000L}{}% 14
\BOOKMARK [2][-]{subsection.3.1}{\376\377\000S\000k\000a\000l\000o\000w\000a\000l\000n\000o\001\133\001\007}{section.3}% 15
\BOOKMARK [2][-]{subsection.3.2}{\376\377\000B\000e\000z\000p\000i\000e\000c\000z\000e\001\104\000s\000t\000w\000o}{section.3}% 16
\BOOKMARK [2][-]{subsection.3.3}{\376\377\000A\000w\000a\000r\000y\000j\000n\000o\001\133\001\007}{section.3}% 17
\BOOKMARK [2][-]{subsection.3.4}{\376\377\000M\000i\000g\000r\000a\000c\000j\000e}{section.3}% 18
\BOOKMARK [2][-]{subsection.3.5}{\376\377\000I\000n\000t\000e\000g\000r\000a\000c\000j\000e}{section.3}% 19
\BOOKMARK [2][-]{subsection.3.6}{\376\377\000O\000b\000s\000z\000a\000r\000y\000\040\000b\000i\000z\000n\000e\000s\000o\000w\000e}{section.3}% 20
\BOOKMARK [2][-]{subsection.3.7}{\376\377\000Z\000a\000l\000e\000t\000y}{section.3}% 21
\BOOKMARK [2][-]{subsection.3.8}{\376\377\000W\000a\000d\000y\000\040\000i\000\040\000o\000g\000r\000a\000n\000i\000c\000z\000e\000n\000i\000a}{section.3}% 22
\BOOKMARK [2][-]{subsection.3.9}{\376\377\000U\000d\000o\000g\000o\000d\000n\000i\000e\000n\000i\000a}{section.3}% 23
\BOOKMARK [1][-]{section.4}{\376\377\000M\000o\000n\000g\000o\000D\000B}{}% 24
\BOOKMARK [2][-]{subsection.4.1}{\376\377\000S\000k\000a\000l\000o\000w\000a\000l\000n\000o\001\133\001\007}{section.4}% 25
\BOOKMARK [2][-]{subsection.4.2}{\376\377\000B\000e\000z\000p\000i\000e\000c\000z\000e\001\104\000s\000t\000w\000o}{section.4}% 26
\BOOKMARK [2][-]{subsection.4.3}{\376\377\000A\000w\000a\000r\000y\000j\000n\000o\001\133\001\007}{section.4}% 27
\BOOKMARK [2][-]{subsection.4.4}{\376\377\000M\000i\000g\000r\000a\000c\000j\000e}{section.4}% 28
\BOOKMARK [2][-]{subsection.4.5}{\376\377\000I\000n\000t\000e\000g\000r\000a\000c\000j\000e}{section.4}% 29
\BOOKMARK [2][-]{subsection.4.6}{\376\377\000O\000b\000s\000z\000a\000r\000y\000\040\000b\000i\000z\000n\000e\000s\000o\000w\000e}{section.4}% 30
\BOOKMARK [2][-]{subsection.4.7}{\376\377\000Z\000a\000l\000e\000t\000y}{section.4}% 31
\BOOKMARK [2][-]{subsection.4.8}{\376\377\000W\000a\000d\000y\000\040\000i\000\040\000o\000g\000r\000a\000n\000i\000c\000z\000e\000n\000i\000a}{section.4}% 32
\BOOKMARK [2][-]{subsection.4.9}{\376\377\000U\000d\000o\000g\000o\000d\000n\000i\000e\000n\000i\000a}{section.4}% 33
\BOOKMARK [1][-]{section.5}{\376\377\000N\000e\000o\0004\000j}{}% 34
\BOOKMARK [2][-]{subsection.5.1}{\376\377\000S\000k\000a\000l\000o\000w\000a\000l\000n\000o\001\133\001\007}{section.5}% 35
\BOOKMARK [2][-]{subsection.5.2}{\376\377\000B\000e\000z\000p\000i\000e\000c\000z\000e\001\104\000s\000t\000w\000o}{section.5}% 36
\BOOKMARK [2][-]{subsection.5.3}{\376\377\000A\000w\000a\000r\000y\000j\000n\000o\001\133\001\007}{section.5}% 37
\BOOKMARK [2][-]{subsection.5.4}{\376\377\000M\000i\000g\000r\000a\000c\000j\000e}{section.5}% 38
\BOOKMARK [2][-]{subsection.5.5}{\376\377\000I\000n\000t\000e\000g\000r\000a\000c\000j\000e}{section.5}% 39
\BOOKMARK [2][-]{subsection.5.6}{\376\377\000O\000b\000s\000z\000a\000r\000y\000\040\000b\000i\000z\000n\000e\000s\000o\000w\000e}{section.5}% 40
\BOOKMARK [2][-]{subsection.5.7}{\376\377\000Z\000a\000l\000e\000t\000y}{section.5}% 41
\BOOKMARK [2][-]{subsection.5.8}{\376\377\000W\000a\000d\000y\000\040\000i\000\040\000o\000g\000r\000a\000n\000i\000c\000z\000e\000n\000i\000a}{section.5}% 42
\BOOKMARK [2][-]{subsection.5.9}{\376\377\000U\000d\000o\000g\000o\000d\000n\000i\000e\000n\000i\000a}{section.5}% 43
\BOOKMARK [1][-]{section.6}{\376\377\000O\000p\000i\000s\000\040\000z\000b\000i\000o\000r\000u\000\040\000d\000a\000n\000y\000c\000h}{}% 44
\BOOKMARK [2][-]{subsection.6.1}{\376\377\000M\000o\000d\000e\000l\000\040\000r\000e\000l\000a\000c\000y\000j\000n\000y\000\040\000\050\000P\000o\000s\000t\000g\000r\000e\000S\000Q\000L\000\040\000i\000\040\000M\000y\000S\000Q\000L\000\051}{section.6}% 45
\BOOKMARK [2][-]{subsection.6.2}{\376\377\000M\000o\000d\000e\000l\000\040\000d\000o\000k\000u\000m\000e\000n\000t\000o\000w\000y\000\040\000\050\000M\000o\000n\000g\000o\000D\000B\000\051}{section.6}% 46
\BOOKMARK [2][-]{subsection.6.3}{\376\377\000M\000o\000d\000e\000l\000\040\000g\000r\000a\000f\000o\000w\000y\000\040\000\050\000N\000e\000o\0004\000j\000\051}{section.6}% 47
\BOOKMARK [2][-]{subsection.6.4}{\376\377\000D\000a\000n\000e\000\040\000p\000\363\001\102\000s\000t\000r\000u\000k\000t\000u\000r\000a\000l\000n\000e\000\040\000\050\000J\000S\000O\000N\000/\000J\000S\000O\000N\000B\000\051}{section.6}% 48
\BOOKMARK [2][-]{subsection.6.5}{\376\377\000G\000e\000n\000e\000r\000a\000c\000j\000a\000\040\000d\000a\000n\000y\000c\000h}{section.6}% 49
\BOOKMARK [1][-]{section.7}{\376\377\001\132\000r\000o\000d\000o\000w\000i\000s\000k\000o\000\040\000t\000e\000s\000t\000o\000w\000e}{}% 50
\BOOKMARK [2][-]{subsection.7.1}{\376\377\000D\000o\000c\000k\000e\000r\000\040\000C\000o\000m\000p\000o\000s\000e\000\040\000i\000\040\000k\000o\000n\000f\000i\000g\000u\000r\000a\000c\000j\000a\000\040\000s\000i\000l\000n\000i\000k\000\363\000w}{section.7}% 51
\BOOKMARK [2][-]{subsection.7.2}{\376\377\000T\000e\000c\000h\000n\000o\000l\000o\000g\000i\000e\000\040\000i\000\040\000b\000i\000b\000l\000i\000o\000t\000e\000k\000i}{section.7}% 52
\BOOKMARK [1][-]{section.8}{\376\377\001\101\000a\000d\000o\000w\000a\000n\000i\000e\000\040\000d\000a\000n\000y\000c\000h\000\040\000i\000\040\000i\000n\000d\000e\000k\000s\000y}{}% 53
\BOOKMARK [2][-]{subsection.8.1}{\376\377\000M\000e\000t\000o\000d\000y\000\040\001\102\000a\000d\000o\000w\000a\000n\000i\000a\000\040\000d\000a\000n\000y\000c\000h}{section.8}% 54
\BOOKMARK [2][-]{subsection.8.2}{\376\377\000T\000y\000p\000y\000\040\000i\000n\000d\000e\000k\000s\000\363\000w\000\040\000i\000\040\000s\000t\000r\000a\000t\000e\000g\000i\000a\000\040\000i\000n\000d\000e\000k\000s\000o\000w\000a\000n\000i\000a}{section.8}% 55
\BOOKMARK [1][-]{section.9}{\376\377\000M\000e\000t\000o\000d\000o\000l\000o\000g\000i\000a\000\040\000b\000e\000n\000c\000h\000m\000a\000r\000k\000\363\000w}{}% 56
\BOOKMARK [2][-]{subsection.9.1}{\376\377\000C\000o\000l\000d\000\040\000s\000t\000a\000r\000t\000\040\000i\000\040\000c\000a\000c\000h\000o\000w\000a\000n\000i\000e}{section.9}% 57
\BOOKMARK [2][-]{subsection.9.2}{\376\377\000P\000i\000p\000e\000l\000i\000n\000e\000\040\000t\000e\000s\000t\000o\000w\000y}{section.9}% 58
\BOOKMARK [1][-]{section.10}{\376\377\000S\000c\000e\000n\000a\000r\000i\000u\000s\000z\000e\000\040\000t\000e\000s\000t\000o\000w\000e}{}% 59
\BOOKMARK [2][-]{subsection.10.1}{\376\377\000I\000N\000S\000E\000R\000T\000\040\000\050\000I\0001\040\023\000I\0006\000\051}{section.10}% 60
\BOOKMARK [2][-]{subsection.10.2}{\376\377\000S\000E\000L\000E\000C\000T\000\040\000\050\000S\0001\040\023\000S\0006\000\051}{section.10}% 61
\BOOKMARK [2][-]{subsection.10.3}{\376\377\000U\000P\000D\000A\000T\000E\000\040\000\050\000U\0001\040\023\000U\0006\000\051}{section.10}% 62
\BOOKMARK [2][-]{subsection.10.4}{\376\377\000D\000E\000L\000E\000T\000E\000\040\000\050\000D\0001\040\023\000D\0006\000\051}{section.10}% 63
\BOOKMARK [1][-]{section.11}{\376\377\000A\000n\000a\000l\000i\000z\000a\000\040\000p\000l\000a\000n\000\363\000w\000\040\000w\000y\000k\000o\000n\000a\000n\000i\000a\000\040\000\050\000E\000X\000P\000L\000A\000I\000N\000\051}{}% 64
\BOOKMARK [2][-]{subsection.11.1}{\376\377\000W\000y\000n\000i\000k\000i\000\040\000b\000e\000z\000\040\000i\000n\000d\000e\000k\000s\000\363\000w}{section.11}% 65
\BOOKMARK [2][-]{subsection.11.2}{\376\377\000W\000y\000n\000i\000k\000i\000\040\000z\000\040\000i\000n\000d\000e\000k\000s\000a\000m\000i}{section.11}% 66
\BOOKMARK [2][-]{subsection.11.3}{\376\377\000P\000o\000r\000\363\000w\000n\000a\000n\000i\000e\000\040\000i\000\040\000w\000y\000k\000r\000e\000s\000y}{section.11}% 67
\BOOKMARK [1][-]{section.12}{\376\377\000T\000e\000s\000t\000y\000\040\000w\000y\000d\000a\000j\000n\000o\001\133\000c\000i\000o\000w\000e}{}% 68
\BOOKMARK [2][-]{subsection.12.1}{\376\377\000W\000o\000l\000u\000m\000e\000n\000\040\000s\000m\000a\000l\000l\000\040\000-\000\040\0005\0000\0000\000\040\0000\0000\0000\000\040\000r\000e\000k\000o\000r\000d\000\363\000w}{section.12}% 69
\BOOKMARK [2][-]{subsection.12.2}{\376\377\000W\000o\000l\000u\000m\000e\000n\000\040\000m\000e\000d\000i\000u\000m\000\040\000-\000\040\0001\000\040\0000\0000\0000\000\040\0000\0000\0000\000\040\000r\000e\000k\000o\000r\000d\000\363\000w}{section.12}% 70
\BOOKMARK [2][-]{subsection.12.3}{\376\377\000W\000o\000l\000u\000m\000e\000n\000\040\000l\000a\000r\000g\000e\000\040\000-\000\040\0001\0000\000\040\0000\0000\0000\000\040\0000\0000\0000\000\040\000r\000e\000k\000o\000r\000d\000\363\000w}{section.12}% 71
\BOOKMARK [1][-]{section.13}{\376\377\000A\000n\000a\000l\000i\000z\000a\000\040\000w\000y\000n\000i\000k\000\363\000w\000\040\000i\000\040\000w\000e\000r\000y\000f\000i\000k\000a\000c\000j\000a\000\040\000h\000i\000p\000o\000t\000e\000z\000y}{}% 72
\BOOKMARK [1][-]{section.14}{\376\377\000P\000o\000d\000s\000u\000m\000o\000w\000a\000n\000i\000e}{}% 73
\BOOKMARK [1][-]{appendix.A}{\376\377\000D\000o\000d\000a\000t\000e\000k\000\040\040\023\000\040\000p\000o\000z\000o\000s\000t\000a\001\102\000e\000\040\000w\000y\000k\000r\000e\000s\000y\000\040\000b\000e\000n\000c\000h\000m\000a\000r\000k\000\363\000w}{}% 74
\BOOKMARK [2][-]{subsection.A.1}{\376\377\000W\000o\000l\000u\000m\000e\000n\000\040\000s\000m\000a\000l\000l\000\040\000-\000\040\0005\0000\0000\000\040\0000\0000\0000\000\040\000r\000e\000k\000o\000r\000d\000\363\000w}{appendix.A}% 75
\BOOKMARK [2][-]{subsection.A.2}{\376\377\000W\000o\000l\000u\000m\000e\000n\000\040\000m\000e\000d\000i\000u\000m\000\040\000-\000\040\0001\000\040\0000\0000\0000\000\040\0000\0000\0000\000\040\000r\000e\000k\000o\000r\000d\000\363\000w}{appendix.A}% 76
\BOOKMARK [2][-]{subsection.A.3}{\376\377\000W\000o\000l\000u\000m\000e\000n\000\040\000l\000a\000r\000g\000e\000\040\000-\000\040\0001\0000\000\040\0000\0000\0000\000\040\0000\0000\0000\000\040\000r\000e\000k\000o\000r\000d\000\363\000w}{appendix.A}% 77
